[0.749s] Invoking command in '/root/Shared/ros2_ws/src/fix_tf_map': PYTHONPATH=/root/Shared/ros2_ws/build/fix_tf_map/prefix_override:/usr/lib/python3/dist-packages/colcon_core/task/python/colcon_distutils_commands:/root/Shared/ros2_ws/install/fix_tf_map/lib/python3.10/site-packages:${PYTHONPATH} /usr/bin/python3 -W ignore:setup.py install is deprecated -W ignore:easy_install command is deprecated setup.py egg_info --egg-base ../../build/fix_tf_map build --build-base /root/Shared/ros2_ws/build/fix_tf_map/build install --record /root/Shared/ros2_ws/build/fix_tf_map/install.log --single-version-externally-managed install_data
[0.986s] running egg_info
[0.987s] writing ../../build/fix_tf_map/fix_tf_map.egg-info/PKG-INFO
[0.988s] writing dependency_links to ../../build/fix_tf_map/fix_tf_map.egg-info/dependency_links.txt
[0.988s] writing entry points to ../../build/fix_tf_map/fix_tf_map.egg-info/entry_points.txt
[0.988s] writing requirements to ../../build/fix_tf_map/fix_tf_map.egg-info/requires.txt
[0.988s] writing top-level names to ../../build/fix_tf_map/fix_tf_map.egg-info/top_level.txt
[0.991s] reading manifest file '../../build/fix_tf_map/fix_tf_map.egg-info/SOURCES.txt'
[0.992s] adding license file 'LICENSE'
[0.992s] writing manifest file '../../build/fix_tf_map/fix_tf_map.egg-info/SOURCES.txt'
[0.993s] running build
[0.993s] running build_py
[0.993s] copying fix_tf_map/gnss_local_frame_node.py -> /root/Shared/ros2_ws/build/fix_tf_map/build/lib/fix_tf_map
[0.993s] running install
[0.994s] running install_lib
[0.995s] copying /root/Shared/ros2_ws/build/fix_tf_map/build/lib/fix_tf_map/gnss_local_frame_node.py -> /root/Shared/ros2_ws/install/fix_tf_map/lib/python3.10/site-packages/fix_tf_map
[0.995s] byte-compiling /root/Shared/ros2_ws/install/fix_tf_map/lib/python3.10/site-packages/fix_tf_map/gnss_local_frame_node.py to gnss_local_frame_node.cpython-310.pyc
[0.996s] running install_data
[0.996s] running install_egg_info
[0.999s] removing '/root/Shared/ros2_ws/install/fix_tf_map/lib/python3.10/site-packages/fix_tf_map-0.0.0-py3.10.egg-info' (and everything under it)
[0.999s] Copying ../../build/fix_tf_map/fix_tf_map.egg-info to /root/Shared/ros2_ws/install/fix_tf_map/lib/python3.10/site-packages/fix_tf_map-0.0.0-py3.10.egg-info
[1.000s] running install_scripts
[1.035s] Installing gnss_local_frame_node script to /root/Shared/ros2_ws/install/fix_tf_map/lib/fix_tf_map
[1.036s] writing list of installed files to '/root/Shared/ros2_ws/build/fix_tf_map/install.log'
[1.075s] Invoked command in '/root/Shared/ros2_ws/src/fix_tf_map' returned '0': PYTHONPATH=/root/Shared/ros2_ws/build/fix_tf_map/prefix_override:/usr/lib/python3/dist-packages/colcon_core/task/python/colcon_distutils_commands:/root/Shared/ros2_ws/install/fix_tf_map/lib/python3.10/site-packages:${PYTHONPATH} /usr/bin/python3 -W ignore:setup.py install is deprecated -W ignore:easy_install command is deprecated setup.py egg_info --egg-base ../../build/fix_tf_map build --build-base /root/Shared/ros2_ws/build/fix_tf_map/build install --record /root/Shared/ros2_ws/build/fix_tf_map/install.log --single-version-externally-managed install_data
