running egg_info
writing ../../build/fix_tf_map/fix_tf_map.egg-info/PKG-INFO
writing dependency_links to ../../build/fix_tf_map/fix_tf_map.egg-info/dependency_links.txt
writing entry points to ../../build/fix_tf_map/fix_tf_map.egg-info/entry_points.txt
writing requirements to ../../build/fix_tf_map/fix_tf_map.egg-info/requires.txt
writing top-level names to ../../build/fix_tf_map/fix_tf_map.egg-info/top_level.txt
reading manifest file '../../build/fix_tf_map/fix_tf_map.egg-info/SOURCES.txt'
adding license file 'LICENSE'
writing manifest file '../../build/fix_tf_map/fix_tf_map.egg-info/SOURCES.txt'
running build
running build_py
copying fix_tf_map/gnss_local_frame_node.py -> /root/Shared/ros2_ws/build/fix_tf_map/build/lib/fix_tf_map
running install
running install_lib
copying /root/Shared/ros2_ws/build/fix_tf_map/build/lib/fix_tf_map/gnss_local_frame_node.py -> /root/Shared/ros2_ws/install/fix_tf_map/lib/python3.10/site-packages/fix_tf_map
byte-compiling /root/Shared/ros2_ws/install/fix_tf_map/lib/python3.10/site-packages/fix_tf_map/gnss_local_frame_node.py to gnss_local_frame_node.cpython-310.pyc
running install_data
running install_egg_info
removing '/root/Shared/ros2_ws/install/fix_tf_map/lib/python3.10/site-packages/fix_tf_map-0.0.0-py3.10.egg-info' (and everything under it)
Copying ../../build/fix_tf_map/fix_tf_map.egg-info to /root/Shared/ros2_ws/install/fix_tf_map/lib/python3.10/site-packages/fix_tf_map-0.0.0-py3.10.egg-info
running install_scripts
Installing gnss_local_frame_node script to /root/Shared/ros2_ws/install/fix_tf_map/lib/fix_tf_map
writing list of installed files to '/root/Shared/ros2_ws/build/fix_tf_map/install.log'
