running egg_info
creating ../../build/fix_tf_map/fix_tf_map.egg-info
writing ../../build/fix_tf_map/fix_tf_map.egg-info/PKG-INFO
writing dependency_links to ../../build/fix_tf_map/fix_tf_map.egg-info/dependency_links.txt
writing entry points to ../../build/fix_tf_map/fix_tf_map.egg-info/entry_points.txt
writing requirements to ../../build/fix_tf_map/fix_tf_map.egg-info/requires.txt
writing top-level names to ../../build/fix_tf_map/fix_tf_map.egg-info/top_level.txt
writing manifest file '../../build/fix_tf_map/fix_tf_map.egg-info/SOURCES.txt'
reading manifest file '../../build/fix_tf_map/fix_tf_map.egg-info/SOURCES.txt'
adding license file 'LICENSE'
writing manifest file '../../build/fix_tf_map/fix_tf_map.egg-info/SOURCES.txt'
running build
running build_py
creating /root/Shared/ros2_ws/build/fix_tf_map/build
creating /root/Shared/ros2_ws/build/fix_tf_map/build/lib
creating /root/Shared/ros2_ws/build/fix_tf_map/build/lib/fix_tf_map
copying fix_tf_map/__init__.py -> /root/Shared/ros2_ws/build/fix_tf_map/build/lib/fix_tf_map
running install
running install_lib
creating /root/Shared/ros2_ws/install/fix_tf_map/lib/python3.10/site-packages/fix_tf_map
copying /root/Shared/ros2_ws/build/fix_tf_map/build/lib/fix_tf_map/__init__.py -> /root/Shared/ros2_ws/install/fix_tf_map/lib/python3.10/site-packages/fix_tf_map
byte-compiling /root/Shared/ros2_ws/install/fix_tf_map/lib/python3.10/site-packages/fix_tf_map/__init__.py to __init__.cpython-310.pyc
running install_data
creating /root/Shared/ros2_ws/install/fix_tf_map/share/ament_index
creating /root/Shared/ros2_ws/install/fix_tf_map/share/ament_index/resource_index
creating /root/Shared/ros2_ws/install/fix_tf_map/share/ament_index/resource_index/packages
copying resource/fix_tf_map -> /root/Shared/ros2_ws/install/fix_tf_map/share/ament_index/resource_index/packages
copying package.xml -> /root/Shared/ros2_ws/install/fix_tf_map/share/fix_tf_map
running install_egg_info
Copying ../../build/fix_tf_map/fix_tf_map.egg-info to /root/Shared/ros2_ws/install/fix_tf_map/lib/python3.10/site-packages/fix_tf_map-0.0.0-py3.10.egg-info
running install_scripts
writing list of installed files to '/root/Shared/ros2_ws/build/fix_tf_map/install.log'
